[09:58:21] [Server thread/INFO]: Loading properties
[09:58:22] [Server thread/INFO]: Default game type: ADVENTURE
[09:58:22] [Server thread/INFO]: This server is running CraftBukkit version git-Spigot-3d850ec-809c399 (MC: 1.12.2) (Implementing API version 1.12.2-R0.1-SNAPSHOT)
[09:58:22] [Server thread/INFO]: Debug logging is disabled
[09:58:22] [Server thread/INFO]: Using 4 threads for Netty based IO
[09:58:22] [Server thread/INFO]: Server Ping Player Sample Count: 12
[09:58:22] [Server thread/INFO]: Generating keypair
[09:58:23] [Server thread/INFO]: Starting Minecraft server on *:25565
[09:58:23] [Server thread/INFO]: Using default channel type
[09:58:24] [Server thread/INFO]: Set PluginClassLoader as parallel capable
[09:58:24] [Server thread/INFO]: [PermissionsEx] Loading PermissionsEx v1.23.4
[09:58:24] [Server thread/WARN]: [PermissionsEx] This server is in offline mode. Unless this server is configured to integrate with a supported proxy (see http://dft.ba/-8ous), UUIDs *may not be stable*!
[09:58:24] [Server thread/INFO]: [WorldEdit] Loading WorldEdit v6.1.8-SNAPSHOT;cd4729f
[09:58:24] [Server thread/INFO]: [ViaVersion] Loading ViaVersion v1.3.0
[09:58:24] [Server thread/INFO]: [ViaVersion] ViaVersion 1.3.0 is now loaded, injecting!
[09:58:24] [Server thread/WARN]: **** SERVER IS RUNNING IN OFFLINE/INSECURE MODE!
[09:58:24] [Server thread/WARN]: The server will make no attempt to authenticate usernames. Beware.
[09:58:24] [Server thread/WARN]: While this makes the game possible to play without internet access, it also opens up the ability for hackers to connect with any username they choose.
[09:58:24] [Server thread/WARN]: To change this, set "online-mode" to "true" in the server.properties file.
[09:58:24] [Server thread/INFO]: **** Beginning UUID conversion, this may take A LONG time ****
[09:58:24] [Server thread/INFO]: Preparing level "world"
[09:58:24] [Server thread/INFO]: -------- World Settings For [world] --------
[09:58:24] [Server thread/INFO]: Item Despawn Rate: 6000
[09:58:24] [Server thread/INFO]: Item Merge Radius: 2.5
[09:58:24] [Server thread/INFO]: View Distance: 10
[09:58:24] [Server thread/INFO]: Arrow Despawn Rate: 1200
[09:58:24] [Server thread/INFO]: Nerfing mobs spawned from spawners: false
[09:58:24] [Server thread/INFO]: Allow Zombie Pigmen to spawn from portal blocks: true
[09:58:24] [Server thread/INFO]: Zombie Aggressive Towards Villager: true
[09:58:24] [Server thread/INFO]: Experience Merge Radius: 3.0
[09:58:24] [Server thread/INFO]: Cactus Growth Modifier: 100%
[09:58:24] [Server thread/INFO]: Cane Growth Modifier: 100%
[09:58:24] [Server thread/INFO]: Melon Growth Modifier: 100%
[09:58:24] [Server thread/INFO]: Mushroom Growth Modifier: 100%
[09:58:24] [Server thread/INFO]: Pumpkin Growth Modifier: 100%
[09:58:24] [Server thread/INFO]: Sapling Growth Modifier: 100%
[09:58:24] [Server thread/INFO]: Wheat Growth Modifier: 100%
[09:58:24] [Server thread/INFO]: NetherWart Growth Modifier: 100%
[09:58:25] [Server thread/INFO]: Vine Growth Modifier: 100%
[09:58:25] [Server thread/INFO]: Cocoa Growth Modifier: 100%
[09:58:25] [Server thread/INFO]: Mob Spawn Range: 4
[09:58:25] [Server thread/INFO]: Max TNT Explosions: 100
[09:58:25] [Server thread/INFO]: Tile Max Tick Time: 50ms Entity max Tick Time: 50ms
[09:58:25] [Server thread/INFO]: Entity Activation Range: An 32 / Mo 32 / Mi 16
[09:58:25] [Server thread/INFO]: Structure Info Saving: true
[09:58:25] [Server thread/INFO]: Hopper Transfer: 8 Hopper Check: 1 Hopper Amount: 1
[09:58:25] [Server thread/INFO]: Custom Map Seeds:  Village: 10387312 Feature: 14357617 Monument: 10387313 Slime: 987234911
[09:58:25] [Server thread/INFO]: Random Lighting Updates: false
[09:58:25] [Server thread/INFO]: Entity Tracking Range: Pl 48 / An 48 / Mo 48 / Mi 32 / Other 64
[09:58:26] [Server thread/INFO]: ---- Migration of old the_end folder required ----
[09:58:26] [Server thread/INFO]: Unfortunately due to the way that Minecraft implemented multiworld support in 1.6, Bukkit requires that you move your the_end folder to a new location in order to operate correctly.
[09:58:26] [Server thread/INFO]: We will move this folder for you, but it will mean that you need to move it back should you wish to stop using Bukkit in the future.
[09:58:26] [Server thread/INFO]: Attempting to move world\DIM1 to world_the_end\DIM1...
[09:58:26] [Server thread/INFO]: Success! To restore the_end in the future, simply move world_the_end\DIM1 to world\DIM1
[09:58:27] [Server thread/INFO]: ---- Migration of old the_end folder complete ----
[09:58:28] [Server thread/INFO]: -------- World Settings For [world_the_end] --------
[09:58:28] [Server thread/INFO]: Item Despawn Rate: 6000
[09:58:28] [Server thread/INFO]: Item Merge Radius: 2.5
[09:58:28] [Server thread/INFO]: View Distance: 10
[09:58:28] [Server thread/INFO]: Arrow Despawn Rate: 1200
[09:58:28] [Server thread/INFO]: Nerfing mobs spawned from spawners: false
[09:58:28] [Server thread/INFO]: Allow Zombie Pigmen to spawn from portal blocks: true
[09:58:28] [Server thread/INFO]: Zombie Aggressive Towards Villager: true
[09:58:28] [Server thread/INFO]: Experience Merge Radius: 3.0
[09:58:28] [Server thread/INFO]: Cactus Growth Modifier: 100%
[09:58:28] [Server thread/INFO]: Cane Growth Modifier: 100%
[09:58:28] [Server thread/INFO]: Melon Growth Modifier: 100%
[09:58:28] [Server thread/INFO]: Mushroom Growth Modifier: 100%
[09:58:28] [Server thread/INFO]: Pumpkin Growth Modifier: 100%
[09:58:28] [Server thread/INFO]: Sapling Growth Modifier: 100%
[09:58:28] [Server thread/INFO]: Wheat Growth Modifier: 100%
[09:58:28] [Server thread/INFO]: NetherWart Growth Modifier: 100%
[09:58:28] [Server thread/INFO]: Vine Growth Modifier: 100%
[09:58:28] [Server thread/INFO]: Cocoa Growth Modifier: 100%
[09:58:28] [Server thread/INFO]: Mob Spawn Range: 4
[09:58:28] [Server thread/INFO]: Max TNT Explosions: 100
[09:58:28] [Server thread/INFO]: Tile Max Tick Time: 50ms Entity max Tick Time: 50ms
[09:58:28] [Server thread/INFO]: Entity Activation Range: An 32 / Mo 32 / Mi 16
[09:58:28] [Server thread/INFO]: Structure Info Saving: true
[09:58:28] [Server thread/INFO]: Hopper Transfer: 8 Hopper Check: 1 Hopper Amount: 1
[09:58:28] [Server thread/INFO]: Custom Map Seeds:  Village: 10387312 Feature: 14357617 Monument: 10387313 Slime: 987234911
[09:58:28] [Server thread/INFO]: Random Lighting Updates: false
[09:58:28] [Server thread/INFO]: Entity Tracking Range: Pl 48 / An 48 / Mo 48 / Mi 32 / Other 64
[09:58:28] [Server thread/INFO]: Preparing start region for level 0 (Seed: 3399035450185739534)
[09:58:30] [Server thread/INFO]: Preparing spawn area: 0%
[09:58:31] [Server thread/INFO]: Preparing spawn area: 31%
[09:58:32] [Server thread/INFO]: Preparing spawn area: 61%
[09:58:33] [Server thread/INFO]: Preparing start region for level 1 (Seed: 3399035450185739534)
[09:58:34] [Server thread/INFO]: Preparing spawn area: 12%
[09:58:35] [Server thread/INFO]: Preparing spawn area: 34%
[09:58:36] [Server thread/INFO]: Preparing spawn area: 61%
[09:58:37] [Server thread/INFO]: Preparing spawn area: 83%
[09:58:37] [Server thread/INFO]: [PermissionsEx] Enabling PermissionsEx v1.23.4
[09:58:37] [Server thread/INFO]: [PermissionsEx] Initializing file backend
[09:58:37] [Server thread/INFO]: [PermissionsEx] Permissions file successfully reloaded
[09:58:37] [Server thread/INFO]: [WorldEdit] Enabling WorldEdit v6.1.8-SNAPSHOT;cd4729f
[09:58:39] [Server thread/INFO]: [WorldEdit] Default configuration file written: config.yml
[09:58:39] [Server thread/INFO]: WEPIF: PermissionsEx detected! Using PermissionsEx for permissions.
[09:58:39] [Server thread/INFO]: [WorldEdit] Using com.sk89q.worldedit.bukkit.adapter.impl.Spigot_v1_12_R2 as the Bukkit adapter
[09:58:39] [Server thread/WARN]: [WorldEdit] WorldEdit has detected you are using Java 7 (based on detected version 10.0.1).
[09:58:39] [Server thread/WARN]: [WorldEdit] WorldEdit will stop supporting Java less than version 8 in the future, due to Java 7 being EOL since April 2015. Please update your server to Java 8.
[09:58:39] [Server thread/INFO]: [ViaVersion] Enabling ViaVersion v1.3.0
[09:58:39] [Server thread/INFO]: Server permissions file permissions.yml is empty, ignoring it
[09:58:39] [Server thread/INFO]: Done (15,050s)! For help, type "help" or "?"
[09:58:39] [Server thread/INFO]: [ViaVersion] ViaVersion detected server version: 1.12.2(340)
[09:58:39] [Server thread/WARN]: [ViaVersion] ViaVersion does not have any compatible versions for this server version, please read our resource page carefully.
[09:58:57] [User Authenticator #1/INFO]: UUID of player flux666 is 2050a37d-a387-3edc-bb3a-5d8b1bf468ae
[09:58:58] [Server thread/INFO]: flux666[/127.0.0.1:50187] logged in with entity id 2 at ([world]-227.44678216741488, 87.65760116490559, 221.98710238219203)
[10:01:21] [Server thread/INFO]: flux666 lost connection: Disconnected
[10:01:21] [Server thread/INFO]: flux666 left the game
[10:01:28] [Server thread/INFO]: Stopping the server
[10:01:28] [Server thread/INFO]: Stopping server
[10:01:28] [Server thread/INFO]: [ViaVersion] Disabling ViaVersion v1.3.0
[10:01:28] [Server thread/INFO]: [ViaVersion] ViaVersion is disabling, if this is a reload and you experience issues consider rebooting.
[10:01:28] [Server thread/INFO]: [WorldEdit] Disabling WorldEdit v6.1.8-SNAPSHOT;cd4729f
[10:01:28] [Server thread/INFO]: [PermissionsEx] Disabling PermissionsEx v1.23.4
[10:01:28] [Server thread/INFO]: Saving players
[10:01:28] [Server thread/INFO]: Saving worlds
[10:01:28] [Server thread/INFO]: Saving chunks for level 'world'/overworld
[10:01:28] [Server thread/INFO]: Saving chunks for level 'world_the_end'/the_end
