[19:33:08] [Server thread/INFO]: Starting minecraft server version 1.12.2
[19:33:08] [Server thread/WARN]: To start the server with more ram, launch it as "java -Xmx1024M -Xms1024M -jar minecraft_server.jar"
[19:33:08] [Server thread/INFO]: Loading properties
[19:33:08] [Server thread/INFO]: Default game type: SURVIVAL
[19:33:09] [Server thread/INFO]: This server is running CraftBukkit version git-Spigot-3d850ec-809c399 (MC: 1.12.2) (Implementing API version 1.12.2-R0.1-SNAPSHOT)
[19:33:09] [Server thread/INFO]: Debug logging is disabled
[19:33:09] [Server thread/INFO]: Server Ping Player Sample Count: 12
[19:33:09] [Server thread/INFO]: Using 4 threads for Netty based IO
[19:33:09] [Server thread/INFO]: Generating keypair
[19:33:10] [Server thread/INFO]: Starting Minecraft server on *:25565
[19:33:10] [Server thread/INFO]: Using default channel type
[19:33:11] [Server thread/WARN]: **** FAILED TO BIND TO PORT!
[19:33:11] [Server thread/WARN]: The exception was: java.net.BindException: Address already in use: bind
[19:33:11] [Server thread/WARN]: Perhaps a server is already running on that port?
[19:33:11] [Server thread/INFO]: Stopping server
[19:33:11] [Server thread/INFO]: Saving players
.bukkit.craftbukkit.libs.jline.console.ConsoleReader.readLineSimple(ConsoleReader.java:3183) ~[spigot.jar:git-Spigot-3d850ec-809c399]
	at org.bukkit.craftbukkit.libs.jline.console.ConsoleReader.readLine(ConsoleReader.java:2333) ~[spigot.jar:git-Spigot-3d850ec-809c399]
	at org.bukkit.craftbukkit.libs.jline.console.ConsoleReader.readLine(ConsoleReader.java:2269) ~[spigot.jar:git-Spigot-3d850ec-809c399]
	at org.bukkit.craftbukkit.libs.jline.console.ConsoleReader.readLine(ConsoleReader.java:2257) ~[spigot.jar:git-Spigot-3d850ec-809c399]
	at net.minecraft.server.v1_12_R1.DedicatedServer$2.run(DedicatedServer.java:87) [spigot.jar:git-Spigot-3d850ec-809c399]
[19:33:08] [Server thread/INFO]: Default game type: CREATIVE
[19:33:08] [Server thread/INFO]: This server is running CraftBukkit version git-Spigot-3d850ec-809c399 (MC: 1.12.2) (Implementing API version 1.12.2-R0.1-SNAPSHOT)
[19:33:09] [Server thread/INFO]: Debug logging is disabled
[19:33:09] [Server thread/INFO]: Using 4 threads for Netty based IO
[19:33:09] [Server thread/INFO]: Server Ping Player Sample Count: 12
[19:33:09] [Server thread/INFO]: Generating keypair
[19:33:10] [Server thread/INFO]: Starting Minecraft server on *:25565
[19:33:10] [Server thread/INFO]: Using default channel type
[19:33:12] [Server thread/INFO]: Set PluginClassLoader as parallel capable
[19:33:12] [Server thread/INFO]: [plugin-admin] Loading plugin-admin v1.0
[19:33:12] [Server thread/INFO]: [WorldEdit] Loading WorldEdit v6.1.8-SNAPSHOT;cd4729f
[19:33:12] [Server thread/INFO]: [MonPlugin] Loading MonPlugin v1.1
[19:33:12] [Server thread/INFO]: [Multiverse-Core] Loading Multiverse-Core v2.5.0-b727
[19:33:12] [Server thread/INFO]: [pluginPVPbox] Loading pluginPVPbox v1.0
[19:33:12] [Server thread/INFO]: [Multiverse-Inventories] Loading Multiverse-Inventories v2.5.0-SNAPSHOT-b418
[19:33:12] [Server thread/WARN]: **** SERVER IS RUNNING IN OFFLINE/INSECURE MODE!
[19:33:12] [Server thread/WARN]: The server will make no attempt to authenticate usernames. Beware.
[19:33:12] [Server thread/WARN]: While this makes the game possible to play without internet access, it also opens up the ability for hackers to connect with any username they choose.
[19:33:12] [Server thread/WARN]: To change this, set "online-mode" to "true" in the server.properties file.
[19:33:12] [Server thread/INFO]: **** Beginning UUID conversion, this may take A LONG time ****
[19:33:12] [Server thread/INFO]: Preparing level "world"
[19:33:12] [Server thread/INFO]: -------- World Settings For [world] --------
[19:33:12] [Server thread/INFO]: Nerfing mobs spawned from spawners: false
[19:33:12] [Server thread/INFO]: Experience Merge Radius: 3.0
[19:33:12] [Server thread/INFO]: Item Despawn Rate: 6000
[19:33:12] [Server thread/INFO]: Item Merge Radius: 2.5
[19:33:12] [Server thread/INFO]: Arrow Despawn Rate: 1200
[19:33:12] [Server thread/INFO]: View Distance: 10
[19:33:12] [Server thread/INFO]: Allow Zombie Pigmen to spawn from portal blocks: true
[19:33:12] [Server thread/INFO]: Zombie Aggressive Towards Villager: true
[19:33:12] [Server thread/INFO]: Hopper Transfer: 8 Hopper Check: 1 Hopper Amount: 1
[19:33:12] [Server thread/INFO]: Custom Map Seeds:  Village: 10387312 Feature: 14357617 Monument: 10387313 Slime: 987234911
[19:33:12] [Server thread/INFO]: Mob Spawn Range: 4
[19:33:12] [Server thread/INFO]: Entity Tracking Range: Pl 48 / An 48 / Mo 48 / Mi 32 / Other 64
[19:33:12] [Server thread/INFO]: Structure Info Saving: true
[19:33:12] [Server thread/INFO]: Max TNT Explosions: 100
[19:33:12] [Server thread/INFO]: Entity Activation Range: An 32 / Mo 32 / Mi 16
[19:33:12] [Server thread/INFO]: Random Lighting Updates: false
[19:33:12] [Server thread/INFO]: Tile Max Tick Time: 50ms Entity max Tick Time: 50ms
[19:33:12] [Server thread/INFO]: Cactus Growth Modifier: 100%
[19:33:12] [Server thread/INFO]: Cane Growth Modifier: 100%
[19:33:12] [Server thread/INFO]: Melon Growth Modifier: 100%
[19:33:12] [Server thread/INFO]: Mushroom Growth Modifier: 100%
[19:33:12] [Server thread/INFO]: Pumpkin Growth Modifier: 100%
[19:33:12] [Server thread/INFO]: Sapling Growth Modifier: 100%
[19:33:12] [Server thread/INFO]: Wheat Growth Modifier: 100%
[19:33:12] [Server thread/INFO]: NetherWart Growth Modifier: 100%
[19:33:12] [Server thread/INFO]: Vine Growth Modifier: 100%
[19:33:12] [Server thread/INFO]: Cocoa Growth Modifier: 100%
[19:33:15] [Server thread/INFO]: -------- World Settings For [world_nether] --------
[19:33:15] [Server thread/INFO]: Nerfing mobs spawned from spawners: false
[19:33:15] [Server thread/INFO]: Experience Merge Radius: 3.0
[19:33:15] [Server thread/INFO]: Item Despawn Rate: 6000
[19:33:15] [Server thread/INFO]: Item Merge Radius: 2.5
[19:33:15] [Server thread/INFO]: Arrow Despawn Rate: 1200
[19:33:15] [Server thread/INFO]: View Distance: 10
[19:33:15] [Server thread/INFO]: Allow Zombie Pigmen to spawn from portal blocks: true
[19:33:15] [Server thread/INFO]: Zombie Aggressive Towards Villager: true
[19:33:15] [Server thread/INFO]: Hopper Transfer: 8 Hopper Check: 1 Hopper Amount: 1
[19:33:15] [Server thread/INFO]: Custom Map Seeds:  Village: 10387312 Feature: 14357617 Monument: 10387313 Slime: 987234911
[19:33:15] [Server thread/INFO]: Mob Spawn Range: 4
[19:33:15] [Server thread/INFO]: Entity Tracking Range: Pl 48 / An 48 / Mo 48 / Mi 32 / Other 64
[19:33:15] [Server thread/INFO]: Structure Info Saving: true
[19:33:15] [Server thread/INFO]: Max TNT Explosions: 100
[19:33:15] [Server thread/INFO]: Entity Activation Range: An 32 / Mo 32 / Mi 16
[19:33:15] [Server thread/INFO]: Random Lighting Updates: false
[19:33:15] [Server thread/INFO]: Tile Max Tick Time: 50ms Entity max Tick Time: 50ms
[19:33:15] [Server thread/INFO]: Cactus Growth Modifier: 100%
[19:33:15] [Server thread/INFO]: Cane Growth Modifier: 100%
[19:33:15] [Server thread/INFO]: Melon Growth Modifier: 100%
[19:33:15] [Server thread/INFO]: Mushroom Growth Modifier: 100%
[19:33:15] [Server thread/INFO]: Pumpkin Growth Modifier: 100%
[19:33:15] [Server thread/INFO]: Sapling Growth Modifier: 100%
[19:33:15] [Server thread/INFO]: Wheat Growth Modifier: 100%
[19:33:15] [Server thread/INFO]: NetherWart Growth Modifier: 100%
[19:33:15] [Server thread/INFO]: Vine Growth Modifier: 100%
[19:33:15] [Server thread/INFO]: Cocoa Growth Modifier: 100%
[19:33:15] [Server thread/INFO]: -------- World Settings For [world_the_end] --------
[19:33:15] [Server thread/INFO]: Nerfing mobs spawned from spawners: false
[19:33:15] [Server thread/INFO]: Experience Merge Radius: 3.0
[19:33:15] [Server thread/INFO]: Item Despawn Rate: 6000
[19:33:15] [Server thread/INFO]: Item Merge Radius: 2.5
[19:33:15] [Server thread/INFO]: Arrow Despawn Rate: 1200
[19:33:15] [Server thread/INFO]: View Distance: 10
[19:33:15] [Server thread/INFO]: Allow Zombie Pigmen to spawn from portal blocks: true
[19:33:15] [Server thread/INFO]: Zombie Aggressive Towards Villager: true
[19:33:15] [Server thread/INFO]: Hopper Transfer: 8 Hopper Check: 1 Hopper Amount: 1
[19:33:15] [Server thread/INFO]: Custom Map Seeds:  Village: 10387312 Feature: 14357617 Monument: 10387313 Slime: 987234911
[19:33:15] [Server thread/INFO]: Mob Spawn Range: 4
[19:33:15] [Server thread/INFO]: Entity Tracking Range: Pl 48 / An 48 / Mo 48 / Mi 32 / Other 64
[19:33:15] [Server thread/INFO]: Structure Info Saving: true
[19:33:15] [Server thread/INFO]: Max TNT Explosions: 100
[19:33:15] [Server thread/INFO]: Entity Activation Range: An 32 / Mo 32 / Mi 16
[19:33:15] [Server thread/INFO]: Random Lighting Updates: false
[19:33:15] [Server thread/INFO]: Tile Max Tick Time: 50ms Entity max Tick Time: 50ms
[19:33:15] [Server thread/INFO]: Cactus Growth Modifier: 100%
[19:33:15] [Server thread/INFO]: Cane Growth Modifier: 100%
[19:33:15] [Server thread/INFO]: Melon Growth Modifier: 100%
[19:33:15] [Server thread/INFO]: Mushroom Growth Modifier: 100%
[19:33:15] [Server thread/INFO]: Pumpkin Growth Modifier: 100%
[19:33:15] [Server thread/INFO]: Sapling Growth Modifier: 100%
[19:33:15] [Server thread/INFO]: Wheat Growth Modifier: 100%
[19:33:15] [Server thread/INFO]: NetherWart Growth Modifier: 100%
[19:33:15] [Server thread/INFO]: Vine Growth Modifier: 100%
[19:33:15] [Server thread/INFO]: Cocoa Growth Modifier: 100%
[19:33:15] [Server thread/INFO]: Preparing start region for level 0 (Seed: 3399035450185739534)
[19:33:17] [Server thread/INFO]: Preparing spawn area: 0%
[19:33:18] [Server thread/INFO]: Preparing spawn area: 13%
[19:33:19] [Server thread/INFO]: Preparing spawn area: 26%
[19:33:20] [Server thread/INFO]: Preparing spawn area: 39%
[19:33:21] [Server thread/INFO]: Preparing spawn area: 50%
[19:33:22] [Server thread/INFO]: Preparing spawn area: 62%
[19:33:23] [Server thread/INFO]: Preparing spawn area: 76%
[19:33:24] [Server thread/INFO]: Preparing spawn area: 94%
[19:33:25] [Server thread/INFO]: Preparing start region for level 1 (Seed: 3399035450185739534)
[19:33:26] [Server thread/INFO]: Preparing spawn area: 8%
[19:33:27] [Server thread/INFO]: Preparing spawn area: 21%
[19:33:28] [Server thread/INFO]: Preparing spawn area: 35%
[19:33:29] [Server thread/INFO]: Preparing spawn area: 48%
[19:33:30] [Server thread/INFO]: Preparing spawn area: 60%
[19:33:31] [Server thread/INFO]: Preparing spawn area: 69%
[19:33:32] [Server thread/INFO]: Preparing spawn area: 81%
[19:33:33] [Server thread/INFO]: Preparing spawn area: 92%
[19:33:34] [Server thread/INFO]: Preparing start region for level 2 (Seed: 3399035450185739534)
[19:33:35] [Server thread/INFO]: Preparing spawn area: 48%
[19:33:35] [Server thread/INFO]: [plugin-admin] Enabling plugin-admin v1.0
[19:33:35] [Server thread/INFO]: [modérration 1.0] vien de s'allumer
[19:33:35] [Server thread/INFO]: [WorldEdit] Enabling WorldEdit v6.1.8-SNAPSHOT;cd4729f
[19:33:37] [Server thread/INFO]: WEPIF: Using the Bukkit Permissions API.
[19:33:37] [Server thread/INFO]: [WorldEdit] Using com.sk89q.worldedit.bukkit.adapter.impl.Spigot_v1_12_R2 as the Bukkit adapter
[19:33:37] [Server thread/INFO]: [MonPlugin] Enabling MonPlugin v1.1
[19:33:37] [Server thread/INFO]: [mon-plugin 1.1] vien de s'allumer
[19:33:40] [Server thread/INFO]: connection au SQL on
[19:33:40] [Server thread/WARN]: com.mysql.jdbc.exceptions.jdbc4.CommunicationsException: Communications link failure

The last packet sent successfully to the server was 0 milliseconds ago. The driver has not received any packets from the server.
[19:33:40] [Server thread/WARN]: 	at sun.reflect.NativeConstructorAccessorImpl.newInstance0(Native Method)
[19:33:40] [Server thread/WARN]: 	at sun.reflect.NativeConstructorAccessorImpl.newInstance(Unknown Source)
[19:33:40] [Server thread/WARN]: 	at sun.reflect.DelegatingConstructorAccessorImpl.newInstance(Unknown Source)
[19:33:40] [Server thread/WARN]: 	at java.lang.reflect.Constructor.newInstance(Unknown Source)
[19:33:40] [Server thread/WARN]: 	at com.mysql.jdbc.Util.handleNewInstance(Util.java:425)
[19:33:40] [Server thread/WARN]: 	at com.mysql.jdbc.SQLError.createCommunicationsException(SQLError.java:989)
[19:33:40] [Server thread/WARN]: 	at com.mysql.jdbc.MysqlIO.<init>(MysqlIO.java:341)
[19:33:40] [Server thread/WARN]: 	at com.mysql.jdbc.ConnectionImpl.coreConnect(ConnectionImpl.java:2189)
[19:33:40] [Server thread/WARN]: 	at com.mysql.jdbc.ConnectionImpl.connectOneTryOnly(ConnectionImpl.java:2222)
[19:33:40] [Server thread/WARN]: 	at com.mysql.jdbc.ConnectionImpl.createNewIO(ConnectionImpl.java:2017)
[19:33:40] [Server thread/WARN]: 	at com.mysql.jdbc.ConnectionImpl.<init>(ConnectionImpl.java:779)
[19:33:40] [Server thread/WARN]: 	at com.mysql.jdbc.JDBC4Connection.<init>(JDBC4Connection.java:47)
[19:33:40] [Server thread/WARN]: 	at sun.reflect.NativeConstructorAccessorImpl.newInstance0(Native Method)
[19:33:40] [Server thread/WARN]: 	at sun.reflect.NativeConstructorAccessorImpl.newInstance(Unknown Source)
[19:33:40] [Server thread/WARN]: 	at sun.reflect.DelegatingConstructorAccessorImpl.newInstance(Unknown Source)
[19:33:40] [Server thread/WARN]: 	at java.lang.reflect.Constructor.newInstance(Unknown Source)
[19:33:40] [Server thread/WARN]: 	at com.mysql.jdbc.Util.handleNewInstance(Util.java:425)
[19:33:40] [Server thread/WARN]: 	at com.mysql.jdbc.ConnectionImpl.getInstance(ConnectionImpl.java:389)
[19:33:40] [Server thread/WARN]: 	at com.mysql.jdbc.NonRegisteringDriver.connect(NonRegisteringDriver.java:330)
[19:33:40] [Server thread/WARN]: 	at java.sql.DriverManager.getConnection(Unknown Source)
[19:33:40] [Server thread/WARN]: 	at java.sql.DriverManager.getConnection(Unknown Source)
[19:33:40] [Server thread/WARN]: 	at fr.flux666.monplugin.Sql.SqlConnection.connection(SqlConnection.java:36)
[19:33:40] [Server thread/WARN]: 	at fr.flux666.monplugin.index.onEnable(index.java:64)
[19:33:40] [Server thread/WARN]: 	at org.bukkit.plugin.java.JavaPlugin.setEnabled(JavaPlugin.java:264)
[19:33:40] [Server thread/WARN]: 	at org.bukkit.plugin.java.JavaPluginLoader.enablePlugin(JavaPluginLoader.java:337)
[19:33:40] [Server thread/WARN]: 	at org.bukkit.plugin.SimplePluginManager.enablePlugin(SimplePluginManager.java:403)
[19:33:40] [Server thread/WARN]: 	at org.bukkit.craftbukkit.v1_12_R1.CraftServer.enablePlugin(CraftServer.java:382)
[19:33:40] [Server thread/WARN]: 	at org.bukkit.craftbukkit.v1_12_R1.CraftServer.enablePlugins(CraftServer.java:331)
[19:33:40] [Server thread/WARN]: 	at net.minecraft.server.v1_12_R1.MinecraftServer.t(MinecraftServer.java:422)
[19:33:40] [Server thread/WARN]: 	at net.minecraft.server.v1_12_R1.MinecraftServer.l(MinecraftServer.java:383)
[19:33:40] [Server thread/WARN]: 	at net.minecraft.server.v1_12_R1.MinecraftServer.a(MinecraftServer.java:338)
[19:33:40] [Server thread/WARN]: 	at net.minecraft.server.v1_12_R1.DedicatedServer.init(DedicatedServer.java:272)
[19:33:40] [Server thread/WARN]: 	at net.minecraft.server.v1_12_R1.MinecraftServer.run(MinecraftServer.java:545)
[19:33:40] [Server thread/WARN]: 	at java.lang.Thread.run(Unknown Source)
[19:33:40] [Server thread/WARN]: Caused by: java.net.ConnectException: Connection refused: connect
[19:33:40] [Server thread/WARN]: 	at java.net.DualStackPlainSocketImpl.connect0(Native Method)
[19:33:40] [Server thread/WARN]: 	at java.net.DualStackPlainSocketImpl.socketConnect(Unknown Source)
[19:33:40] [Server thread/WARN]: 	at java.net.AbstractPlainSocketImpl.doConnect(Unknown Source)
[19:33:40] [Server thread/WARN]: 	at java.net.AbstractPlainSocketImpl.connectToAddress(Unknown Source)
[19:33:40] [Server thread/WARN]: 	at java.net.AbstractPlainSocketImpl.connect(Unknown Source)
[19:33:40] [Server thread/WARN]: 	at java.net.PlainSocketImpl.connect(Unknown Source)
[19:33:40] [Server thread/WARN]: 	at java.net.SocksSocketImpl.connect(Unknown Source)
[19:33:40] [Server thread/WARN]: 	at java.net.Socket.connect(Unknown Source)
[19:33:40] [Server thread/WARN]: 	at com.mysql.jdbc.StandardSocketFactory.connect(StandardSocketFactory.java:211)
[19:33:40] [Server thread/WARN]: 	at com.mysql.jdbc.MysqlIO.<init>(MysqlIO.java:300)
[19:33:40] [Server thread/WARN]: 	... 27 more
[19:33:40] [Server thread/ERROR]: Error occurred while enabling MonPlugin v1.1 (Is it up to date?)
java.lang.NullPointerException: null
	at fr.flux666.monplugin.index.loadBannedPlayer(index.java:115) ~[?:?]
	at fr.flux666.monplugin.index.onEnable(index.java:80) ~[?:?]
	at org.bukkit.plugin.java.JavaPlugin.setEnabled(JavaPlugin.java:264) ~[spigot.jar:git-Spigot-3d850ec-809c399]
	at org.bukkit.plugin.java.JavaPluginLoader.enablePlugin(JavaPluginLoader.java:337) [spigot.jar:git-Spigot-3d850ec-809c399]
	at org.bukkit.plugin.SimplePluginManager.enablePlugin(SimplePluginManager.java:403) [spigot.jar:git-Spigot-3d850ec-809c399]
	at org.bukkit.craftbukkit.v1_12_R1.CraftServer.enablePlugin(CraftServer.java:382) [spigot.jar:git-Spigot-3d850ec-809c399]
	at org.bukkit.craftbukkit.v1_12_R1.CraftServer.enablePlugins(CraftServer.java:331) [spigot.jar:git-Spigot-3d850ec-809c399]
	at net.minecraft.server.v1_12_R1.MinecraftServer.t(MinecraftServer.java:422) [spigot.jar:git-Spigot-3d850ec-809c399]
	at net.minecraft.server.v1_12_R1.MinecraftServer.l(MinecraftServer.java:383) [spigot.jar:git-Spigot-3d850ec-809c399]
	at net.minecraft.server.v1_12_R1.MinecraftServer.a(MinecraftServer.java:338) [spigot.jar:git-Spigot-3d850ec-809c399]
	at net.minecraft.server.v1_12_R1.DedicatedServer.init(DedicatedServer.java:272) [spigot.jar:git-Spigot-3d850ec-809c399]
	at net.minecraft.server.v1_12_R1.MinecraftServer.run(MinecraftServer.java:545) [spigot.jar:git-Spigot-3d850ec-809c399]
	at java.lang.Thread.run(Unknown Source) [?:1.8.0_151]
[19:33:40] [Server thread/INFO]: [Multiverse-Core] Enabling Multiverse-Core v2.5.0-b727
[19:33:41] [Server thread/INFO]: [Multiverse-Core] 3 - World(s) loaded.
[19:33:41] [Server thread/INFO]: [Multiverse-Core] Version 2.5.0-b727 (API v20) Enabled - By Rigby, fernferret, lithium3141, main-- and dumptruckman
[19:33:41] [Server thread/INFO]: [pluginPVPbox] Enabling pluginPVPbox v1.0
[19:33:41] [Server thread/INFO]: [plugin-PVPbox] s'est allumer
[19:33:41] [Server thread/INFO]: [Multiverse-Inventories] Enabling Multiverse-Inventories v2.5.0-SNAPSHOT-b418
[19:33:41] [Server thread/INFO]: [Multiverse-Inventories 2.5.0-SNAPSHOT-b418] enabled.
[19:33:41] [Server thread/INFO]: Server permissions file permissions.yml is empty, ignoring it
[19:33:42] [Server thread/INFO]: Done (29,401s)! For help, type "help" or "?"
[19:34:14] [Server thread/INFO]: Starting minecraft server version 1.12.2
[19:34:14] [Server thread/WARN]: To start the server with more ram, launch it as "java -Xmx1024M -Xms1024M -jar minecraft_server.jar"
[19:34:14] [Server thread/INFO]: Loading properties
[19:34:14] [Server thread/INFO]: Default game type: SURVIVAL
[19:34:15] [Server thread/INFO]: This server is running CraftBukkit version git-Spigot-3d850ec-809c399 (MC: 1.12.2) (Implementing API version 1.12.2-R0.1-SNAPSHOT)
[19:34:15] [Server thread/INFO]: Debug logging is disabled
[19:34:15] [Server thread/INFO]: Server Ping Player Sample Count: 12
[19:34:15] [Server thread/INFO]: Using 4 threads for Netty based IO
[19:34:15] [Server thread/INFO]: Generating keypair
[19:34:15] [Server thread/INFO]: Starting Minecraft server on *:25565
[19:34:15] [Server thread/INFO]: Using default channel type
[19:34:16] [Server thread/WARN]: **** FAILED TO BIND TO PORT!
[19:34:16] [Server thread/WARN]: The exception was: java.net.BindException: Address already in use: bind
[19:34:16] [Server thread/WARN]: Perhaps a server is already running on that port?
[19:34:16] [Server thread/INFO]: Stopping server
[19:34:16] [Server thread/INFO]: Saving players
